c:\users\gyuhan\source\repos\project1\project1\arm64\debug\vc143.pdb
c:\users\gyuhan\source\repos\project1\project1\arm64\debug\vc143.idb
c:\users\gyuhan\source\repos\project1\project1\arm64\debug\game.nativecodeanalysis.sarif
c:\users\gyuhan\source\repos\project1\project1\arm64\debug\game.nativecodeanalysis.xml
c:\users\gyuhan\source\repos\project1\project1\arm64\debug\player.nativecodeanalysis.sarif
c:\users\gyuhan\source\repos\project1\project1\arm64\debug\player.nativecodeanalysis.xml
c:\users\gyuhan\source\repos\project1\project1\arm64\debug\project.nativecodeanalysis.sarif
c:\users\gyuhan\source\repos\project1\project1\arm64\debug\project.nativecodeanalysis.xml
c:\users\gyuhan\source\repos\project1\project1\arm64\debug\project.obj
c:\users\gyuhan\source\repos\project1\project1\arm64\debug\player.obj
c:\users\gyuhan\source\repos\project1\project1\arm64\debug\game.obj
c:\users\gyuhan\source\repos\project1\project1\arm64\debug\project1.ilk
c:\users\gyuhan\source\repos\project1\arm64\debug\project1.exe
c:\users\gyuhan\source\repos\project1\arm64\debug\project1.pdb
c:\users\gyuhan\source\repos\project1\project1\arm64\debug\vc.nativecodeanalysis.all.xml
c:\users\gyuhan\source\repos\project1\project1\arm64\debug\project1.tlog\cl.command.1.tlog
c:\users\gyuhan\source\repos\project1\project1\arm64\debug\project1.tlog\cl.items.tlog
c:\users\gyuhan\source\repos\project1\project1\arm64\debug\project1.tlog\cl.read.1.tlog
c:\users\gyuhan\source\repos\project1\project1\arm64\debug\project1.tlog\cl.write.1.tlog
c:\users\gyuhan\source\repos\project1\project1\arm64\debug\project1.tlog\link.command.1.tlog
c:\users\gyuhan\source\repos\project1\project1\arm64\debug\project1.tlog\link.read.1.tlog
c:\users\gyuhan\source\repos\project1\project1\arm64\debug\project1.tlog\link.write.1.tlog
